2024-10-17T22:40:54.969+09:00  INFO 7156 --- [trello_project] [main] j.t.TrelloProjectApplication             : Starting TrelloProjectApplication using Java 17.0.10 with PID 7156 (C:\Users\calma\study\sparta\spring-trello\backend\build\classes\java\main started by calma in C:\Users\calma\study\sparta\spring-trello\backend)
2024-10-17T22:40:54.972+09:00  INFO 7156 --- [trello_project] [main] j.t.TrelloProjectApplication             : No active profile set, falling back to 1 default profile: "default"
2024-10-17T22:40:55.780+09:00  INFO 7156 --- [trello_project] [main] .s.d.r.c.RepositoryConfigurationDelegate : Multiple Spring Data modules found, entering strict repository configuration mode
2024-10-17T22:40:55.787+09:00  INFO 7156 --- [trello_project] [main] .s.d.r.c.RepositoryConfigurationDelegate : Bootstrapping Spring Data JPA repositories in DEFAULT mode.
2024-10-17T22:40:56.004+09:00  INFO 7156 --- [trello_project] [main] .s.d.r.c.RepositoryConfigurationDelegate : Finished Spring Data repository scanning in 210 ms. Found 11 JPA repository interfaces.
2024-10-17T22:40:56.020+09:00  INFO 7156 --- [trello_project] [main] .s.d.r.c.RepositoryConfigurationDelegate : Multiple Spring Data modules found, entering strict repository configuration mode
2024-10-17T22:40:56.022+09:00  INFO 7156 --- [trello_project] [main] .s.d.r.c.RepositoryConfigurationDelegate : Bootstrapping Spring Data Redis repositories in DEFAULT mode.
2024-10-17T22:40:56.058+09:00  INFO 7156 --- [trello_project] [main] .RepositoryConfigurationExtensionSupport : Spring Data Redis - Could not safely identify store assignment for repository candidate interface jpabook.trello_project.domain.attachment.repository.AttachmentRepository; If you want this repository to be a Redis repository, consider annotating your entities with one of these annotations: org.springframework.data.redis.core.RedisHash (preferred), or consider extending one of the following types with your repository: org.springframework.data.keyvalue.repository.KeyValueRepository
2024-10-17T22:40:56.058+09:00  INFO 7156 --- [trello_project] [main] .RepositoryConfigurationExtensionSupport : Spring Data Redis - Could not safely identify store assignment for repository candidate interface jpabook.trello_project.domain.board.repository.BoardRepository; If you want this repository to be a Redis repository, consider annotating your entities with one of these annotations: org.springframework.data.redis.core.RedisHash (preferred), or consider extending one of the following types with your repository: org.springframework.data.keyvalue.repository.KeyValueRepository
2024-10-17T22:40:56.058+09:00  INFO 7156 --- [trello_project] [main] .RepositoryConfigurationExtensionSupport : Spring Data Redis - Could not safely identify store assignment for repository candidate interface jpabook.trello_project.domain.card.repository.CardRepository; If you want this repository to be a Redis repository, consider annotating your entities with one of these annotations: org.springframework.data.redis.core.RedisHash (preferred), or consider extending one of the following types with your repository: org.springframework.data.keyvalue.repository.KeyValueRepository
2024-10-17T22:40:56.059+09:00  INFO 7156 --- [trello_project] [main] .RepositoryConfigurationExtensionSupport : Spring Data Redis - Could not safely identify store assignment for repository candidate interface jpabook.trello_project.domain.card.repository.LockRepository; If you want this repository to be a Redis repository, consider annotating your entities with one of these annotations: org.springframework.data.redis.core.RedisHash (preferred), or consider extending one of the following types with your repository: org.springframework.data.keyvalue.repository.KeyValueRepository
2024-10-17T22:40:56.059+09:00  INFO 7156 --- [trello_project] [main] .RepositoryConfigurationExtensionSupport : Spring Data Redis - Could not safely identify store assignment for repository candidate interface jpabook.trello_project.domain.card_views.repository.CardViewsRepository; If you want this repository to be a Redis repository, consider annotating your entities with one of these annotations: org.springframework.data.redis.core.RedisHash (preferred), or consider extending one of the following types with your repository: org.springframework.data.keyvalue.repository.KeyValueRepository
2024-10-17T22:40:56.059+09:00  INFO 7156 --- [trello_project] [main] .RepositoryConfigurationExtensionSupport : Spring Data Redis - Could not safely identify store assignment for repository candidate interface jpabook.trello_project.domain.lists.repository.ListRepository; If you want this repository to be a Redis repository, consider annotating your entities with one of these annotations: org.springframework.data.redis.core.RedisHash (preferred), or consider extending one of the following types with your repository: org.springframework.data.keyvalue.repository.KeyValueRepository
2024-10-17T22:40:56.062+09:00  INFO 7156 --- [trello_project] [main] .RepositoryConfigurationExtensionSupport : Spring Data Redis - Could not safely identify store assignment for repository candidate interface jpabook.trello_project.domain.manager.repository.ManagerRepository; If you want this repository to be a Redis repository, consider annotating your entities with one of these annotations: org.springframework.data.redis.core.RedisHash (preferred), or consider extending one of the following types with your repository: org.springframework.data.keyvalue.repository.KeyValueRepository
2024-10-17T22:40:56.062+09:00  INFO 7156 --- [trello_project] [main] .RepositoryConfigurationExtensionSupport : Spring Data Redis - Could not safely identify store assignment for repository candidate interface jpabook.trello_project.domain.reply.repository.ReplyRepository; If you want this repository to be a Redis repository, consider annotating your entities with one of these annotations: org.springframework.data.redis.core.RedisHash (preferred), or consider extending one of the following types with your repository: org.springframework.data.keyvalue.repository.KeyValueRepository
2024-10-17T22:40:56.063+09:00  INFO 7156 --- [trello_project] [main] .RepositoryConfigurationExtensionSupport : Spring Data Redis - Could not safely identify store assignment for repository candidate interface jpabook.trello_project.domain.user.repository.UserRepository; If you want this repository to be a Redis repository, consider annotating your entities with one of these annotations: org.springframework.data.redis.core.RedisHash (preferred), or consider extending one of the following types with your repository: org.springframework.data.keyvalue.repository.KeyValueRepository
2024-10-17T22:40:56.063+09:00  INFO 7156 --- [trello_project] [main] .RepositoryConfigurationExtensionSupport : Spring Data Redis - Could not safely identify store assignment for repository candidate interface jpabook.trello_project.domain.workspace.repository.WorkspaceRepository; If you want this repository to be a Redis repository, consider annotating your entities with one of these annotations: org.springframework.data.redis.core.RedisHash (preferred), or consider extending one of the following types with your repository: org.springframework.data.keyvalue.repository.KeyValueRepository
2024-10-17T22:40:56.063+09:00  INFO 7156 --- [trello_project] [main] .RepositoryConfigurationExtensionSupport : Spring Data Redis - Could not safely identify store assignment for repository candidate interface jpabook.trello_project.domain.workspace_member.repository.WorkspaceMemberRepository; If you want this repository to be a Redis repository, consider annotating your entities with one of these annotations: org.springframework.data.redis.core.RedisHash (preferred), or consider extending one of the following types with your repository: org.springframework.data.keyvalue.repository.KeyValueRepository
2024-10-17T22:40:56.063+09:00  INFO 7156 --- [trello_project] [main] .s.d.r.c.RepositoryConfigurationDelegate : Finished Spring Data repository scanning in 35 ms. Found 0 Redis repository interfaces.
2024-10-17T22:40:56.831+09:00  INFO 7156 --- [trello_project] [main] o.s.b.w.embedded.tomcat.TomcatWebServer  : Tomcat initialized with port 8080 (http)
2024-10-17T22:40:56.845+09:00  INFO 7156 --- [trello_project] [main] o.apache.catalina.core.StandardService   : Starting service [Tomcat]
2024-10-17T22:40:56.846+09:00  INFO 7156 --- [trello_project] [main] o.apache.catalina.core.StandardEngine    : Starting Servlet engine: [Apache Tomcat/10.1.30]
2024-10-17T22:40:56.912+09:00  INFO 7156 --- [trello_project] [main] o.a.c.c.C.[Tomcat].[localhost].[/]       : Initializing Spring embedded WebApplicationContext
2024-10-17T22:40:56.914+09:00  INFO 7156 --- [trello_project] [main] w.s.c.ServletWebServerApplicationContext : Root WebApplicationContext: initialization completed in 1905 ms
2024-10-17T22:40:57.125+09:00  INFO 7156 --- [trello_project] [main] o.hibernate.jpa.internal.util.LogHelper  : HHH000204: Processing PersistenceUnitInfo [name: default]
2024-10-17T22:40:57.182+09:00  INFO 7156 --- [trello_project] [main] org.hibernate.Version                    : HHH000412: Hibernate ORM core version 6.5.3.Final
2024-10-17T22:40:57.214+09:00  INFO 7156 --- [trello_project] [main] o.h.c.internal.RegionFactoryInitiator    : HHH000026: Second-level cache disabled
2024-10-17T22:40:57.523+09:00  INFO 7156 --- [trello_project] [main] o.s.o.j.p.SpringPersistenceUnitInfo      : No LoadTimeWeaver setup: ignoring JPA class transformer
2024-10-17T22:40:57.561+09:00  INFO 7156 --- [trello_project] [main] com.zaxxer.hikari.HikariDataSource       : HikariPool-1 - Starting...
2024-10-17T22:40:57.814+09:00  INFO 7156 --- [trello_project] [main] com.zaxxer.hikari.pool.HikariPool        : HikariPool-1 - Added connection com.mysql.cj.jdbc.ConnectionImpl@185a0811
2024-10-17T22:40:57.816+09:00  INFO 7156 --- [trello_project] [main] com.zaxxer.hikari.HikariDataSource       : HikariPool-1 - Start completed.
2024-10-17T22:40:57.858+09:00  WARN 7156 --- [trello_project] [main] org.hibernate.orm.deprecation            : HHH90000025: MySQL8Dialect does not need to be specified explicitly using 'hibernate.dialect' (remove the property setting and it will be selected by default)
2024-10-17T22:40:57.859+09:00  WARN 7156 --- [trello_project] [main] org.hibernate.orm.deprecation            : HHH90000026: MySQL8Dialect has been deprecated; use org.hibernate.dialect.MySQLDialect instead
2024-10-17T22:40:58.874+09:00  INFO 7156 --- [trello_project] [main] o.h.e.t.j.p.i.JtaPlatformInitiator       : HHH000489: No JTA platform available (set 'hibernate.transaction.jta.platform' to enable JTA platform integration)
2024-10-17T22:40:58.996+09:00  INFO 7156 --- [trello_project] [main] j.LocalContainerEntityManagerFactoryBean : Initialized JPA EntityManagerFactory for persistence unit 'default'
2024-10-17T22:40:59.631+09:00  INFO 7156 --- [trello_project] [main] o.s.d.j.r.query.QueryEnhancerFactory     : Hibernate is in classpath; If applicable, HQL parser will be used.
2024-10-17T22:41:00.691+09:00  WARN 7156 --- [trello_project] [main] JpaBaseConfiguration$JpaWebConfiguration : spring.jpa.open-in-view is enabled by default. Therefore, database queries may be performed during view rendering. Explicitly configure spring.jpa.open-in-view to disable this warning
2024-10-17T22:41:00.719+09:00  WARN 7156 --- [trello_project] [main] .s.s.UserDetailsServiceAutoConfiguration : 

Using generated security password: cb46dfc9-ed00-4b8e-b00e-a68ebc2bb5c5

This generated password is for development use only. Your security configuration must be updated before running your application in production.

2024-10-17T22:41:00.730+09:00  INFO 7156 --- [trello_project] [main] r$InitializeUserDetailsManagerConfigurer : Global AuthenticationManager configured with UserDetailsService bean with name inMemoryUserDetailsManager
2024-10-17T22:41:00.890+09:00 DEBUG 7156 --- [trello_project] [main] s.w.s.m.m.a.RequestMappingHandlerMapping : 34 mappings in 'requestMappingHandlerMapping'
2024-10-17T22:41:00.967+09:00 DEBUG 7156 --- [trello_project] [main] o.s.w.s.handler.SimpleUrlHandlerMapping  : Patterns [/webjars/**, /**] in 'resourceHandlerMapping'
2024-10-17T22:41:01.035+09:00 DEBUG 7156 --- [trello_project] [main] o.s.s.web.DefaultSecurityFilterChain     : Will secure any request with filters: DisableEncodeUrlFilter, WebAsyncManagerIntegrationFilter, SecurityContextHolderFilter, HeaderWriterFilter, RequestCacheAwareFilter, JwtSecurityFilter, SecurityContextHolderAwareRequestFilter, SessionManagementFilter, ExceptionTranslationFilter, AuthorizationFilter
2024-10-17T22:41:01.165+09:00 DEBUG 7156 --- [trello_project] [main] s.w.s.m.m.a.RequestMappingHandlerAdapter : ControllerAdvice beans: 0 @ModelAttribute, 0 @InitBinder, 1 RequestBodyAdvice, 1 ResponseBodyAdvice
2024-10-17T22:41:01.215+09:00 DEBUG 7156 --- [trello_project] [main] .m.m.a.ExceptionHandlerExceptionResolver : ControllerAdvice beans: 1 @ExceptionHandler, 1 ResponseBodyAdvice
2024-10-17T22:41:01.601+09:00  INFO 7156 --- [trello_project] [main] o.s.b.w.embedded.tomcat.TomcatWebServer  : Tomcat started on port 8080 (http) with context path '/'
2024-10-17T22:41:01.612+09:00  INFO 7156 --- [trello_project] [main] j.t.TrelloProjectApplication             : Started TrelloProjectApplication in 7.015 seconds (process running for 7.614)
2024-10-17T22:41:10.569+09:00  INFO 7156 --- [trello_project] [http-nio-8080-exec-2] o.a.c.c.C.[Tomcat].[localhost].[/]       : Initializing Spring DispatcherServlet 'dispatcherServlet'
2024-10-17T22:41:10.569+09:00  INFO 7156 --- [trello_project] [http-nio-8080-exec-2] o.s.web.servlet.DispatcherServlet        : Initializing Servlet 'dispatcherServlet'
2024-10-17T22:41:10.569+09:00 DEBUG 7156 --- [trello_project] [http-nio-8080-exec-2] o.s.web.servlet.DispatcherServlet        : Detected StandardServletMultipartResolver
2024-10-17T22:41:10.570+09:00 DEBUG 7156 --- [trello_project] [http-nio-8080-exec-2] o.s.web.servlet.DispatcherServlet        : Detected AcceptHeaderLocaleResolver
2024-10-17T22:41:10.570+09:00 DEBUG 7156 --- [trello_project] [http-nio-8080-exec-2] o.s.web.servlet.DispatcherServlet        : Detected FixedThemeResolver
2024-10-17T22:41:10.571+09:00 DEBUG 7156 --- [trello_project] [http-nio-8080-exec-2] o.s.web.servlet.DispatcherServlet        : Detected org.springframework.web.servlet.view.DefaultRequestToViewNameTranslator@5bc54087
2024-10-17T22:41:10.571+09:00 DEBUG 7156 --- [trello_project] [http-nio-8080-exec-2] o.s.web.servlet.DispatcherServlet        : Detected org.springframework.web.servlet.support.SessionFlashMapManager@65cae15a
2024-10-17T22:41:10.571+09:00 DEBUG 7156 --- [trello_project] [http-nio-8080-exec-2] o.s.web.servlet.DispatcherServlet        : enableLoggingRequestDetails='false': request parameters and headers will be masked to prevent unsafe logging of potentially sensitive data
2024-10-17T22:41:10.571+09:00  INFO 7156 --- [trello_project] [http-nio-8080-exec-2] o.s.web.servlet.DispatcherServlet        : Completed initialization in 2 ms
2024-10-17T22:41:10.590+09:00 DEBUG 7156 --- [trello_project] [http-nio-8080-exec-2] o.s.security.web.FilterChainProxy        : Securing POST /workspaces/1/boards/1/cards
2024-10-17T22:41:10.626+09:00 DEBUG 7156 --- [trello_project] [http-nio-8080-exec-2] o.s.security.web.FilterChainProxy        : Secured POST /workspaces/1/boards/1/cards
2024-10-17T22:41:10.628+09:00 DEBUG 7156 --- [trello_project] [http-nio-8080-exec-2] o.s.web.servlet.DispatcherServlet        : POST "/workspaces/1/boards/1/cards", parameters={}
2024-10-17T22:41:10.630+09:00 DEBUG 7156 --- [trello_project] [http-nio-8080-exec-2] o.s.w.s.handler.SimpleUrlHandlerMapping  : Mapped to ResourceHttpRequestHandler [classpath [META-INF/resources/], classpath [resources/], classpath [static/], classpath [public/], ServletContext [/]]
2024-10-17T22:41:10.639+09:00 DEBUG 7156 --- [trello_project] [http-nio-8080-exec-2] o.s.w.s.r.ResourceHttpRequestHandler     : Resource not found
2024-10-17T22:41:10.646+09:00 DEBUG 7156 --- [trello_project] [http-nio-8080-exec-2] .w.s.m.s.DefaultHandlerExceptionResolver : Resolved [org.springframework.web.servlet.resource.NoResourceFoundException: No static resource workspaces/1/boards/1/cards.]
2024-10-17T22:41:10.647+09:00 DEBUG 7156 --- [trello_project] [http-nio-8080-exec-2] o.s.web.servlet.DispatcherServlet        : Completed 404 NOT_FOUND
2024-10-17T22:41:10.654+09:00 DEBUG 7156 --- [trello_project] [http-nio-8080-exec-2] o.s.security.web.FilterChainProxy        : Securing POST /error
2024-10-17T22:41:10.655+09:00 DEBUG 7156 --- [trello_project] [http-nio-8080-exec-2] o.s.s.w.a.Http403ForbiddenEntryPoint     : Pre-authenticated entry point called. Rejecting access
2024-10-17T22:50:28.294+09:00 DEBUG 7156 --- [trello_project] [http-nio-8080-exec-5] o.s.security.web.FilterChainProxy        : Securing POST /workspaces/1/boards/1/lists/1/card/1/replies
2024-10-17T22:50:28.304+09:00 DEBUG 7156 --- [trello_project] [http-nio-8080-exec-5] o.s.security.web.FilterChainProxy        : Secured POST /workspaces/1/boards/1/lists/1/card/1/replies
2024-10-17T22:50:28.304+09:00 DEBUG 7156 --- [trello_project] [http-nio-8080-exec-5] o.s.web.servlet.DispatcherServlet        : POST "/workspaces/1/boards/1/lists/1/card/1/replies", parameters={}
2024-10-17T22:50:28.305+09:00 DEBUG 7156 --- [trello_project] [http-nio-8080-exec-5] s.w.s.m.m.a.RequestMappingHandlerMapping : Mapped to jpabook.trello_project.domain.reply.controller.ReplyController#createReply(Long, Long, Long, Long, CreateReplyRequestDto, AuthUser)
2024-10-17T22:50:28.337+09:00 DEBUG 7156 --- [trello_project] [http-nio-8080-exec-5] m.m.a.RequestResponseBodyMethodProcessor : Read "application/json;charset=UTF-8" to [jpabook.trello_project.domain.reply.dto.request.CreateReplyRequestDto@682f4d42]
2024-10-17T22:50:28.343+09:00  INFO 7156 --- [trello_project] [http-nio-8080-exec-5] j.t.domain.reply.service.ReplyService    : ::: 댓글 저장 로직 동작 :::
2024-10-17T22:50:28.348+09:00 DEBUG 7156 --- [trello_project] [http-nio-8080-exec-5] .m.m.a.ExceptionHandlerExceptionResolver : Using @ExceptionHandler jpabook.trello_project.domain.common.exceptions.GlobalExceptionHandler#IllegalArgExceptionHandler(RuntimeException)
2024-10-17T22:50:28.367+09:00 DEBUG 7156 --- [trello_project] [http-nio-8080-exec-5] o.s.w.s.m.m.a.HttpEntityMethodProcessor  : Using 'application/json', given [*/*] and supported [application/json, application/*+json, application/cbor]
2024-10-17T22:50:28.370+09:00 DEBUG 7156 --- [trello_project] [http-nio-8080-exec-5] o.s.w.s.m.m.a.HttpEntityMethodProcessor  : Writing [jpabook.trello_project.domain.common.dto.ErrorResponseDto@7a92782b]
2024-10-17T22:50:28.381+09:00 DEBUG 7156 --- [trello_project] [http-nio-8080-exec-5] .m.m.a.ExceptionHandlerExceptionResolver : Resolved [jpabook.trello_project.domain.common.exceptions.InvalidRequestException: 해당 회원이 없습니다!]
2024-10-17T22:50:28.383+09:00 DEBUG 7156 --- [trello_project] [http-nio-8080-exec-5] o.s.web.servlet.DispatcherServlet        : Completed 400 BAD_REQUEST
2024-10-17T22:50:34.006+09:00 DEBUG 7156 --- [trello_project] [http-nio-8080-exec-7] o.s.security.web.FilterChainProxy        : Securing POST /auth/signin
2024-10-17T22:50:34.007+09:00 DEBUG 7156 --- [trello_project] [http-nio-8080-exec-7] o.s.security.web.FilterChainProxy        : Secured POST /auth/signin
2024-10-17T22:50:34.008+09:00 DEBUG 7156 --- [trello_project] [http-nio-8080-exec-7] o.s.web.servlet.DispatcherServlet        : POST "/auth/signin", parameters={}
2024-10-17T22:50:34.008+09:00 DEBUG 7156 --- [trello_project] [http-nio-8080-exec-7] s.w.s.m.m.a.RequestMappingHandlerMapping : Mapped to jpabook.trello_project.domain.auth.controller.AuthController#signin(SigninRequest)
2024-10-17T22:50:34.015+09:00 DEBUG 7156 --- [trello_project] [http-nio-8080-exec-7] m.m.a.RequestResponseBodyMethodProcessor : Read "application/json;charset=UTF-8" to [jpabook.trello_project.domain.auth.dto.request.SigninRequest@53eaa1aa]
2024-10-17T22:50:34.192+09:00 DEBUG 7156 --- [trello_project] [http-nio-8080-exec-7] m.m.a.RequestResponseBodyMethodProcessor : Using 'application/json', given [*/*] and supported [application/json, application/*+json, application/cbor]
2024-10-17T22:50:34.192+09:00 DEBUG 7156 --- [trello_project] [http-nio-8080-exec-7] m.m.a.RequestResponseBodyMethodProcessor : Writing [jpabook.trello_project.domain.common.dto.ResponseDto@74de56a4]
2024-10-17T22:50:34.195+09:00 DEBUG 7156 --- [trello_project] [http-nio-8080-exec-7] o.s.web.servlet.DispatcherServlet        : Completed 200 OK
2024-10-17T22:50:48.374+09:00 DEBUG 7156 --- [trello_project] [http-nio-8080-exec-8] o.s.security.web.FilterChainProxy        : Securing POST /workspaces/1/boards/1/lists/1/card/1/replies
2024-10-17T22:50:48.378+09:00 DEBUG 7156 --- [trello_project] [http-nio-8080-exec-8] o.s.security.web.FilterChainProxy        : Secured POST /workspaces/1/boards/1/lists/1/card/1/replies
2024-10-17T22:50:48.378+09:00 DEBUG 7156 --- [trello_project] [http-nio-8080-exec-8] o.s.web.servlet.DispatcherServlet        : POST "/workspaces/1/boards/1/lists/1/card/1/replies", parameters={}
2024-10-17T22:50:48.378+09:00 DEBUG 7156 --- [trello_project] [http-nio-8080-exec-8] s.w.s.m.m.a.RequestMappingHandlerMapping : Mapped to jpabook.trello_project.domain.reply.controller.ReplyController#createReply(Long, Long, Long, Long, CreateReplyRequestDto, AuthUser)
2024-10-17T22:50:48.380+09:00 DEBUG 7156 --- [trello_project] [http-nio-8080-exec-8] m.m.a.RequestResponseBodyMethodProcessor : Read "application/json;charset=UTF-8" to [jpabook.trello_project.domain.reply.dto.request.CreateReplyRequestDto@59b34c32]
2024-10-17T22:50:48.381+09:00  INFO 7156 --- [trello_project] [http-nio-8080-exec-8] j.t.domain.reply.service.ReplyService    : ::: 댓글 저장 로직 동작 :::
2024-10-17T22:50:48.383+09:00  INFO 7156 --- [trello_project] [http-nio-8080-exec-8] j.t.domain.reply.service.ReplyService    : ::: 카드 존재 여부 검사 로직 동작 :::
2024-10-17T22:50:48.385+09:00 DEBUG 7156 --- [trello_project] [http-nio-8080-exec-8] .m.m.a.ExceptionHandlerExceptionResolver : Using @ExceptionHandler jpabook.trello_project.domain.common.exceptions.GlobalExceptionHandler#IllegalArgExceptionHandler(RuntimeException)
2024-10-17T22:50:48.386+09:00 DEBUG 7156 --- [trello_project] [http-nio-8080-exec-8] o.s.w.s.m.m.a.HttpEntityMethodProcessor  : Using 'application/json', given [*/*] and supported [application/json, application/*+json, application/cbor]
2024-10-17T22:50:48.386+09:00 DEBUG 7156 --- [trello_project] [http-nio-8080-exec-8] o.s.w.s.m.m.a.HttpEntityMethodProcessor  : Writing [jpabook.trello_project.domain.common.dto.ErrorResponseDto@3b84d4b5]
2024-10-17T22:50:48.387+09:00 DEBUG 7156 --- [trello_project] [http-nio-8080-exec-8] .m.m.a.ExceptionHandlerExceptionResolver : Resolved [jpabook.trello_project.domain.common.exceptions.InvalidRequestException: 해당 카드가 없습니다!]
2024-10-17T22:50:48.387+09:00 DEBUG 7156 --- [trello_project] [http-nio-8080-exec-8] o.s.web.servlet.DispatcherServlet        : Completed 400 BAD_REQUEST
2024-10-17T22:51:38.572+09:00 DEBUG 7156 --- [trello_project] [http-nio-8080-exec-10] o.s.security.web.FilterChainProxy        : Securing POST /workspaces/1/boards/1/lists/1/cards
2024-10-17T22:51:38.574+09:00 DEBUG 7156 --- [trello_project] [http-nio-8080-exec-10] o.s.security.web.FilterChainProxy        : Secured POST /workspaces/1/boards/1/lists/1/cards
2024-10-17T22:51:38.574+09:00 DEBUG 7156 --- [trello_project] [http-nio-8080-exec-10] o.s.web.servlet.DispatcherServlet        : POST "/workspaces/1/boards/1/lists/1/cards", parameters={}
2024-10-17T22:51:38.575+09:00 DEBUG 7156 --- [trello_project] [http-nio-8080-exec-10] s.w.s.m.m.a.RequestMappingHandlerMapping : Mapped to jpabook.trello_project.domain.card.controller.CardController#createCard(Long, Long, Long, CreateCardRequestDto, AuthUser)
2024-10-17T22:51:38.585+09:00 DEBUG 7156 --- [trello_project] [http-nio-8080-exec-10] m.m.a.RequestResponseBodyMethodProcessor : Read "application/json;charset=UTF-8" to [jpabook.trello_project.domain.card.dto.request.CreateCardRequestDto@57634ff0]
2024-10-17T22:51:38.698+09:00 DEBUG 7156 --- [trello_project] [http-nio-8080-exec-10] o.s.w.s.m.m.a.HttpEntityMethodProcessor  : Using 'application/json', given [*/*] and supported [application/json, application/*+json, application/cbor]
2024-10-17T22:51:38.699+09:00 DEBUG 7156 --- [trello_project] [http-nio-8080-exec-10] o.s.w.s.m.m.a.HttpEntityMethodProcessor  : Writing [jpabook.trello_project.domain.common.dto.ResponseDto@2e90fd2c]
2024-10-17T22:51:38.702+09:00 DEBUG 7156 --- [trello_project] [http-nio-8080-exec-10] o.s.web.servlet.DispatcherServlet        : Completed 201 CREATED
2024-10-17T22:51:43.842+09:00 DEBUG 7156 --- [trello_project] [http-nio-8080-exec-1] o.s.security.web.FilterChainProxy        : Securing POST /workspaces/1/boards/1/lists/1/card/1/replies
2024-10-17T22:51:43.843+09:00 DEBUG 7156 --- [trello_project] [http-nio-8080-exec-1] o.s.security.web.FilterChainProxy        : Secured POST /workspaces/1/boards/1/lists/1/card/1/replies
2024-10-17T22:51:43.845+09:00 DEBUG 7156 --- [trello_project] [http-nio-8080-exec-1] o.s.web.servlet.DispatcherServlet        : POST "/workspaces/1/boards/1/lists/1/card/1/replies", parameters={}
2024-10-17T22:51:43.845+09:00 DEBUG 7156 --- [trello_project] [http-nio-8080-exec-1] s.w.s.m.m.a.RequestMappingHandlerMapping : Mapped to jpabook.trello_project.domain.reply.controller.ReplyController#createReply(Long, Long, Long, Long, CreateReplyRequestDto, AuthUser)
2024-10-17T22:51:43.846+09:00 DEBUG 7156 --- [trello_project] [http-nio-8080-exec-1] m.m.a.RequestResponseBodyMethodProcessor : Read "application/json;charset=UTF-8" to [jpabook.trello_project.domain.reply.dto.request.CreateReplyRequestDto@67a56198]
2024-10-17T22:51:43.847+09:00  INFO 7156 --- [trello_project] [http-nio-8080-exec-1] j.t.domain.reply.service.ReplyService    : ::: 댓글 저장 로직 동작 :::
2024-10-17T22:51:43.849+09:00  INFO 7156 --- [trello_project] [http-nio-8080-exec-1] j.t.domain.reply.service.ReplyService    : ::: 카드 존재 여부 검사 로직 동작 :::
2024-10-17T22:51:43.852+09:00  INFO 7156 --- [trello_project] [http-nio-8080-exec-1] j.t.domain.reply.service.ReplyService    : ::: 회원 -> 멤버 검사 로직 동작 :::
2024-10-17T22:51:43.861+09:00  INFO 7156 --- [trello_project] [http-nio-8080-exec-1] j.t.domain.reply.service.ReplyService    : ::: 댓글 저장 로직 완료 :::
2024-10-17T22:51:43.875+09:00 DEBUG 7156 --- [trello_project] [http-nio-8080-exec-1] o.s.w.s.m.m.a.HttpEntityMethodProcessor  : Using 'application/json', given [*/*] and supported [application/json, application/*+json, application/cbor]
2024-10-17T22:51:43.875+09:00 DEBUG 7156 --- [trello_project] [http-nio-8080-exec-1] o.s.w.s.m.m.a.HttpEntityMethodProcessor  : Writing [jpabook.trello_project.domain.common.dto.ResponseDto@597c2342]
2024-10-17T22:51:43.876+09:00 DEBUG 7156 --- [trello_project] [http-nio-8080-exec-1] o.s.web.servlet.DispatcherServlet        : Completed 201 CREATED
2024-10-17T22:51:43.908+09:00 DEBUG 7156 --- [trello_project] [task-1] o.s.web.client.RestTemplate              : HTTP POST https://hooks.slack.com/services/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
2024-10-17T22:51:43.912+09:00 DEBUG 7156 --- [trello_project] [task-1] o.s.web.client.RestTemplate              : Accept=[text/plain, application/json, application/cbor, application/*+json, */*]
2024-10-17T22:51:43.913+09:00 DEBUG 7156 --- [trello_project] [task-1] o.s.web.client.RestTemplate              : Writing [{text=A new reply has been added!
User Id: 1
Card Id: 1
Comment: comment!
}] with org.springframework.http.converter.json.MappingJackson2HttpMessageConverter
2024-10-17T22:51:44.311+09:00 DEBUG 7156 --- [trello_project] [task-1] o.s.web.client.RestTemplate              : Response 200 OK
2024-10-17T22:51:44.313+09:00 DEBUG 7156 --- [trello_project] [task-1] o.s.web.client.RestTemplate              : Reading to [java.lang.String] as "text/html"
2024-10-17T23:01:46.058+09:00 DEBUG 7156 --- [trello_project] [http-nio-8080-exec-4] o.s.security.web.FilterChainProxy        : Securing POST /workspaces/1/boards/1/lists/1/card/1/replies
2024-10-17T23:01:46.060+09:00 DEBUG 7156 --- [trello_project] [http-nio-8080-exec-4] o.s.security.web.FilterChainProxy        : Secured POST /workspaces/1/boards/1/lists/1/card/1/replies
2024-10-17T23:01:46.060+09:00 DEBUG 7156 --- [trello_project] [http-nio-8080-exec-4] o.s.web.servlet.DispatcherServlet        : POST "/workspaces/1/boards/1/lists/1/card/1/replies", parameters={}
2024-10-17T23:01:46.060+09:00 DEBUG 7156 --- [trello_project] [http-nio-8080-exec-4] s.w.s.m.m.a.RequestMappingHandlerMapping : Mapped to jpabook.trello_project.domain.reply.controller.ReplyController#createReply(Long, Long, Long, Long, CreateReplyRequestDto, AuthUser)
2024-10-17T23:01:46.061+09:00 DEBUG 7156 --- [trello_project] [http-nio-8080-exec-4] m.m.a.RequestResponseBodyMethodProcessor : Read "application/json;charset=UTF-8" to [jpabook.trello_project.domain.reply.dto.request.CreateReplyRequestDto@603006dc]
2024-10-17T23:01:46.063+09:00  INFO 7156 --- [trello_project] [http-nio-8080-exec-4] j.t.domain.reply.service.ReplyService    : ::: 댓글 저장 로직 동작 :::
2024-10-17T23:01:46.065+09:00  INFO 7156 --- [trello_project] [http-nio-8080-exec-4] j.t.domain.reply.service.ReplyService    : ::: 카드 존재 여부 검사 로직 동작 :::
2024-10-17T23:01:46.066+09:00  INFO 7156 --- [trello_project] [http-nio-8080-exec-4] j.t.domain.reply.service.ReplyService    : ::: 회원 -> 멤버 검사 로직 동작 :::
2024-10-17T23:01:46.071+09:00  INFO 7156 --- [trello_project] [http-nio-8080-exec-4] j.t.domain.reply.service.ReplyService    : ::: 댓글 저장 로직 완료 :::
2024-10-17T23:01:46.079+09:00 DEBUG 7156 --- [trello_project] [http-nio-8080-exec-4] o.s.w.s.m.m.a.HttpEntityMethodProcessor  : Using 'application/json', given [*/*] and supported [application/json, application/*+json, application/cbor]
2024-10-17T23:01:46.079+09:00 DEBUG 7156 --- [trello_project] [http-nio-8080-exec-4] o.s.w.s.m.m.a.HttpEntityMethodProcessor  : Writing [jpabook.trello_project.domain.common.dto.ResponseDto@5333b691]
2024-10-17T23:01:46.080+09:00 DEBUG 7156 --- [trello_project] [http-nio-8080-exec-4] o.s.web.servlet.DispatcherServlet        : Completed 201 CREATED
2024-10-17T23:01:46.081+09:00 DEBUG 7156 --- [trello_project] [task-2] o.s.web.client.RestTemplate              : HTTP POST https://hooks.slack.com/services/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
2024-10-17T23:01:46.081+09:00 DEBUG 7156 --- [trello_project] [task-2] o.s.web.client.RestTemplate              : Accept=[text/plain, application/json, application/cbor, application/*+json, */*]
2024-10-17T23:01:46.082+09:00 DEBUG 7156 --- [trello_project] [task-2] o.s.web.client.RestTemplate              : Writing [{text=A new reply has been added!
User Id: 1
Card Id: 1
Comment: comment!😀
}] with org.springframework.http.converter.json.MappingJackson2HttpMessageConverter
2024-10-17T23:01:46.411+09:00 DEBUG 7156 --- [trello_project] [task-2] o.s.web.client.RestTemplate              : Response 404 NOT_FOUND
2024-10-17T23:01:46.416+09:00 ERROR 7156 --- [trello_project] [task-2] .a.i.SimpleAsyncUncaughtExceptionHandler : Unexpected exception occurred invoking async method: public void jpabook.trello_project.client.SlackNotifier.sendSlackMessage(java.lang.String)

org.springframework.web.client.HttpClientErrorException$NotFound: 404 Not Found: "no_service"
	at org.springframework.web.client.HttpClientErrorException.create(HttpClientErrorException.java:112) ~[spring-web-6.1.13.jar:6.1.13]
	at org.springframework.web.client.DefaultResponseErrorHandler.handleError(DefaultResponseErrorHandler.java:183) ~[spring-web-6.1.13.jar:6.1.13]
	at org.springframework.web.client.DefaultResponseErrorHandler.handleError(DefaultResponseErrorHandler.java:137) ~[spring-web-6.1.13.jar:6.1.13]
	at org.springframework.web.client.ResponseErrorHandler.handleError(ResponseErrorHandler.java:63) ~[spring-web-6.1.13.jar:6.1.13]
	at org.springframework.web.client.RestTemplate.handleResponse(RestTemplate.java:942) ~[spring-web-6.1.13.jar:6.1.13]
	at org.springframework.web.client.RestTemplate.doExecute(RestTemplate.java:891) ~[spring-web-6.1.13.jar:6.1.13]
	at org.springframework.web.client.RestTemplate.execute(RestTemplate.java:790) ~[spring-web-6.1.13.jar:6.1.13]
	at org.springframework.web.client.RestTemplate.postForObject(RestTemplate.java:507) ~[spring-web-6.1.13.jar:6.1.13]
	at jpabook.trello_project.client.SlackNotifier.sendSlackMessage(SlackNotifier.java:24) ~[main/:na]
	at java.base/jdk.internal.reflect.NativeMethodAccessorImpl.invoke0(Native Method) ~[na:na]
	at java.base/jdk.internal.reflect.NativeMethodAccessorImpl.invoke(NativeMethodAccessorImpl.java:77) ~[na:na]
	at java.base/jdk.internal.reflect.DelegatingMethodAccessorImpl.invoke(DelegatingMethodAccessorImpl.java:43) ~[na:na]
	at java.base/java.lang.reflect.Method.invoke(Method.java:568) ~[na:na]
	at org.springframework.aop.support.AopUtils.invokeJoinpointUsingReflection(AopUtils.java:355) ~[spring-aop-6.1.13.jar:6.1.13]
	at org.springframework.aop.framework.ReflectiveMethodInvocation.invokeJoinpoint(ReflectiveMethodInvocation.java:196) ~[spring-aop-6.1.13.jar:6.1.13]
	at org.springframework.aop.framework.ReflectiveMethodInvocation.proceed(ReflectiveMethodInvocation.java:163) ~[spring-aop-6.1.13.jar:6.1.13]
	at org.springframework.aop.framework.CglibAopProxy$CglibMethodInvocation.proceed(CglibAopProxy.java:768) ~[spring-aop-6.1.13.jar:6.1.13]
	at org.springframework.aop.interceptor.AsyncExecutionInterceptor.lambda$invoke$0(AsyncExecutionInterceptor.java:113) ~[spring-aop-6.1.13.jar:6.1.13]
	at java.base/java.util.concurrent.FutureTask.run(FutureTask.java:264) ~[na:na]
	at java.base/java.util.concurrent.ThreadPoolExecutor.runWorker(ThreadPoolExecutor.java:1136) ~[na:na]
	at java.base/java.util.concurrent.ThreadPoolExecutor$Worker.run(ThreadPoolExecutor.java:635) ~[na:na]
	at java.base/java.lang.Thread.run(Thread.java:842) ~[na:na]

2024-10-17T23:01:52.657+09:00 DEBUG 7156 --- [trello_project] [http-nio-8080-exec-5] o.s.security.web.FilterChainProxy        : Securing PATCH /workspaces/1/boards/1/lists/1/cards/1/replies/1
2024-10-17T23:01:52.660+09:00 DEBUG 7156 --- [trello_project] [http-nio-8080-exec-5] o.s.security.web.FilterChainProxy        : Secured PATCH /workspaces/1/boards/1/lists/1/cards/1/replies/1
2024-10-17T23:01:52.660+09:00 DEBUG 7156 --- [trello_project] [http-nio-8080-exec-5] o.s.web.servlet.DispatcherServlet        : PATCH "/workspaces/1/boards/1/lists/1/cards/1/replies/1", parameters={}
2024-10-17T23:01:52.660+09:00 DEBUG 7156 --- [trello_project] [http-nio-8080-exec-5] o.s.w.s.handler.SimpleUrlHandlerMapping  : Mapped to ResourceHttpRequestHandler [classpath [META-INF/resources/], classpath [resources/], classpath [static/], classpath [public/], ServletContext [/]]
2024-10-17T23:01:52.661+09:00 DEBUG 7156 --- [trello_project] [http-nio-8080-exec-5] o.s.w.s.r.ResourceHttpRequestHandler     : Resource not found
2024-10-17T23:01:52.662+09:00 DEBUG 7156 --- [trello_project] [http-nio-8080-exec-5] .w.s.m.s.DefaultHandlerExceptionResolver : Resolved [org.springframework.web.servlet.resource.NoResourceFoundException: No static resource workspaces/1/boards/1/lists/1/cards/1/replies/1.]
2024-10-17T23:01:52.662+09:00 DEBUG 7156 --- [trello_project] [http-nio-8080-exec-5] o.s.web.servlet.DispatcherServlet        : Completed 404 NOT_FOUND
2024-10-17T23:01:52.663+09:00 DEBUG 7156 --- [trello_project] [http-nio-8080-exec-5] o.s.security.web.FilterChainProxy        : Securing PATCH /error
2024-10-17T23:01:52.663+09:00 DEBUG 7156 --- [trello_project] [http-nio-8080-exec-5] o.s.s.w.a.Http403ForbiddenEntryPoint     : Pre-authenticated entry point called. Rejecting access
2024-10-17T23:04:14.390+09:00 DEBUG 7156 --- [trello_project] [http-nio-8080-exec-8] o.s.security.web.FilterChainProxy        : Securing PATCH /workspaces/1/boards/1/lists/1/cards/1/replies/1
2024-10-17T23:04:14.393+09:00 DEBUG 7156 --- [trello_project] [http-nio-8080-exec-8] o.s.security.web.FilterChainProxy        : Secured PATCH /workspaces/1/boards/1/lists/1/cards/1/replies/1
2024-10-17T23:04:14.394+09:00 DEBUG 7156 --- [trello_project] [http-nio-8080-exec-8] o.s.web.servlet.DispatcherServlet        : PATCH "/workspaces/1/boards/1/lists/1/cards/1/replies/1", parameters={}
2024-10-17T23:04:14.394+09:00 DEBUG 7156 --- [trello_project] [http-nio-8080-exec-8] o.s.w.s.handler.SimpleUrlHandlerMapping  : Mapped to ResourceHttpRequestHandler [classpath [META-INF/resources/], classpath [resources/], classpath [static/], classpath [public/], ServletContext [/]]
2024-10-17T23:04:14.397+09:00 DEBUG 7156 --- [trello_project] [http-nio-8080-exec-8] o.s.w.s.r.ResourceHttpRequestHandler     : Resource not found
2024-10-17T23:04:14.398+09:00 DEBUG 7156 --- [trello_project] [http-nio-8080-exec-8] .w.s.m.s.DefaultHandlerExceptionResolver : Resolved [org.springframework.web.servlet.resource.NoResourceFoundException: No static resource workspaces/1/boards/1/lists/1/cards/1/replies/1.]
2024-10-17T23:04:14.398+09:00 DEBUG 7156 --- [trello_project] [http-nio-8080-exec-8] o.s.web.servlet.DispatcherServlet        : Completed 404 NOT_FOUND
2024-10-17T23:04:14.399+09:00 DEBUG 7156 --- [trello_project] [http-nio-8080-exec-8] o.s.security.web.FilterChainProxy        : Securing PATCH /error
2024-10-17T23:04:14.399+09:00 DEBUG 7156 --- [trello_project] [http-nio-8080-exec-8] o.s.s.w.a.Http403ForbiddenEntryPoint     : Pre-authenticated entry point called. Rejecting access
2024-10-17T23:04:31.864+09:00 DEBUG 7156 --- [trello_project] [http-nio-8080-exec-9] o.s.security.web.FilterChainProxy        : Securing POST /workspaces/1/boards/1/lists/1/cards/1/replies
2024-10-17T23:04:31.868+09:00 DEBUG 7156 --- [trello_project] [http-nio-8080-exec-9] o.s.security.web.FilterChainProxy        : Secured POST /workspaces/1/boards/1/lists/1/cards/1/replies
2024-10-17T23:04:31.868+09:00 DEBUG 7156 --- [trello_project] [http-nio-8080-exec-9] o.s.web.servlet.DispatcherServlet        : POST "/workspaces/1/boards/1/lists/1/cards/1/replies", parameters={}
2024-10-17T23:04:31.868+09:00 DEBUG 7156 --- [trello_project] [http-nio-8080-exec-9] o.s.w.s.handler.SimpleUrlHandlerMapping  : Mapped to ResourceHttpRequestHandler [classpath [META-INF/resources/], classpath [resources/], classpath [static/], classpath [public/], ServletContext [/]]
2024-10-17T23:04:31.870+09:00 DEBUG 7156 --- [trello_project] [http-nio-8080-exec-9] o.s.w.s.r.ResourceHttpRequestHandler     : Resource not found
2024-10-17T23:04:31.871+09:00 DEBUG 7156 --- [trello_project] [http-nio-8080-exec-9] .w.s.m.s.DefaultHandlerExceptionResolver : Resolved [org.springframework.web.servlet.resource.NoResourceFoundException: No static resource workspaces/1/boards/1/lists/1/cards/1/replies.]
2024-10-17T23:04:31.871+09:00 DEBUG 7156 --- [trello_project] [http-nio-8080-exec-9] o.s.web.servlet.DispatcherServlet        : Completed 404 NOT_FOUND
2024-10-17T23:04:31.872+09:00 DEBUG 7156 --- [trello_project] [http-nio-8080-exec-9] o.s.security.web.FilterChainProxy        : Securing POST /error
2024-10-17T23:04:31.872+09:00 DEBUG 7156 --- [trello_project] [http-nio-8080-exec-9] o.s.s.w.a.Http403ForbiddenEntryPoint     : Pre-authenticated entry point called. Rejecting access
2024-10-17T23:04:49.536+09:00  INFO 7156 --- [trello_project] [SpringApplicationShutdownHook] j.LocalContainerEntityManagerFactoryBean : Closing JPA EntityManagerFactory for persistence unit 'default'
2024-10-17T23:04:49.537+09:00  INFO 7156 --- [trello_project] [SpringApplicationShutdownHook] com.zaxxer.hikari.HikariDataSource       : HikariPool-1 - Shutdown initiated...
2024-10-17T23:04:49.542+09:00  INFO 7156 --- [trello_project] [SpringApplicationShutdownHook] com.zaxxer.hikari.HikariDataSource       : HikariPool-1 - Shutdown completed.
